<?xml version="1.0" encoding="UTF-8"?>
<testng-results ignored="0" total="6" passed="6" failed="0" skipped="0">
  <reporter-output>
  </reporter-output>
  <suite started-at="2026-02-14T06:14:40Z" name="Default suite" finished-at="2026-02-14T06:17:08Z" duration-ms="148371">
    <groups>
      <group name="cucumber">
        <method signature="AbstractTestNGCucumberTests.runScenario(io.cucumber.testng.PickleWrapper, io.cucumber.testng.FeatureWrapper)[pri:0, instance:eComm.Runners.TestRunner@1a5b6f42]" name="runScenario" class="io.cucumber.testng.AbstractTestNGCucumberTests"/>
      </group> <!-- cucumber -->
    </groups>
    <test started-at="2026-02-14T06:14:40Z" name="Default test" finished-at="2026-02-14T06:17:08Z" duration-ms="148371">
      <class name="eComm.Runners.TestRunner">
        <test-method is-config="true" signature="setUpClass()[pri:0, instance:eComm.Runners.TestRunner@1a5b6f42]" started-at="2026-02-14T06:14:40Z" name="setUpClass" finished-at="2026-02-14T06:14:41Z" duration-ms="1085" status="PASS">
          <reporter-output>
          </reporter-output>
        </test-method> <!-- setUpClass -->
        <test-method signature="runScenario(io.cucumber.testng.PickleWrapper, io.cucumber.testng.FeatureWrapper)[pri:0, instance:eComm.Runners.TestRunner@1a5b6f42]" started-at="2026-02-14T06:14:41Z" name="runScenario" description="Runs Cucumber Scenarios" data-provider="scenarios" finished-at="2026-02-14T06:15:10Z" duration-ms="29419" status="PASS">
          <params>
            <param index="0">
              <value>
                <![CDATA["Validate Login with valid credentials"]]>
              </value>
            </param>
            <param index="1">
              <value>
                <![CDATA["Optional[Login page functionalities test]"]]>
              </value>
            </param>
          </params>
          <reporter-output>
          </reporter-output>
        </test-method> <!-- runScenario -->
        <test-method signature="runScenario(io.cucumber.testng.PickleWrapper, io.cucumber.testng.FeatureWrapper)[pri:0, instance:eComm.Runners.TestRunner@1a5b6f42]" started-at="2026-02-14T06:14:41Z" name="runScenario" description="Runs Cucumber Scenarios" data-provider="scenarios" finished-at="2026-02-14T06:15:21Z" duration-ms="39987" status="PASS">
          <params>
            <param index="0">
              <value>
                <![CDATA["Validate Login page title"]]>
              </value>
            </param>
            <param index="1">
              <value>
                <![CDATA["Optional[Login page functionalities test]"]]>
              </value>
            </param>
          </params>
          <reporter-output>
          </reporter-output>
        </test-method> <!-- runScenario -->
        <test-method signature="runScenario(io.cucumber.testng.PickleWrapper, io.cucumber.testng.FeatureWrapper)[pri:0, instance:eComm.Runners.TestRunner@1a5b6f42]" started-at="2026-02-14T06:14:41Z" name="runScenario" description="Runs Cucumber Scenarios" data-provider="scenarios" finished-at="2026-02-14T06:15:05Z" duration-ms="24092" status="PASS">
          <params>
            <param index="0">
              <value>
                <![CDATA["Validate Login with invalid credentials"]]>
              </value>
            </param>
            <param index="1">
              <value>
                <![CDATA["Optional[Login page functionalities test]"]]>
              </value>
            </param>
          </params>
          <reporter-output>
          </reporter-output>
        </test-method> <!-- runScenario -->
        <test-method signature="runScenario(io.cucumber.testng.PickleWrapper, io.cucumber.testng.FeatureWrapper)[pri:0, instance:eComm.Runners.TestRunner@1a5b6f42]" started-at="2026-02-14T06:14:41Z" name="runScenario" description="Runs Cucumber Scenarios" data-provider="scenarios" finished-at="2026-02-14T06:15:13Z" duration-ms="31760" status="PASS">
          <params>
            <param index="0">
              <value>
                <![CDATA["Validate logging into app by capturing username and password from loginpage"]]>
              </value>
            </param>
            <param index="1">
              <value>
                <![CDATA["Optional[Login page functionalities test]"]]>
              </value>
            </param>
          </params>
          <reporter-output>
          </reporter-output>
        </test-method> <!-- runScenario -->
        <test-method signature="runScenario(io.cucumber.testng.PickleWrapper, io.cucumber.testng.FeatureWrapper)[pri:0, instance:eComm.Runners.TestRunner@1a5b6f42]" started-at="2026-02-14T06:14:41Z" name="runScenario" description="Runs Cucumber Scenarios" data-provider="scenarios" finished-at="2026-02-14T06:16:12Z" duration-ms="91332" status="PASS">
          <params>
            <param index="0">
              <value>
                <![CDATA["Validate whether user able to add vacancies in recruitment module"]]>
              </value>
            </param>
            <param index="1">
              <value>
                <![CDATA["Optional[Validate new vacancies addition to recruitment]"]]>
              </value>
            </param>
          </params>
          <reporter-output>
          </reporter-output>
        </test-method> <!-- runScenario -->
        <test-method signature="runScenario(io.cucumber.testng.PickleWrapper, io.cucumber.testng.FeatureWrapper)[pri:0, instance:eComm.Runners.TestRunner@1a5b6f42]" started-at="2026-02-14T06:14:41Z" name="runScenario" description="Runs Cucumber Scenarios" data-provider="scenarios" finished-at="2026-02-14T06:16:04Z" duration-ms="83347" status="PASS">
          <params>
            <param index="0">
              <value>
                <![CDATA["Validate user able to submit the claim"]]>
              </value>
            </param>
            <param index="1">
              <value>
                <![CDATA["Optional[Submit new claim]"]]>
              </value>
            </param>
          </params>
          <reporter-output>
          </reporter-output>
        </test-method> <!-- runScenario -->
        <test-method is-config="true" signature="tearDownClass()[pri:0, instance:eComm.Runners.TestRunner@1a5b6f42]" started-at="2026-02-14T06:16:12Z" name="tearDownClass" finished-at="2026-02-14T06:17:08Z" duration-ms="55893" status="PASS">
          <reporter-output>
          </reporter-output>
        </test-method> <!-- tearDownClass -->
      </class> <!-- eComm.Runners.TestRunner -->
    </test> <!-- Default test -->
  </suite> <!-- Default suite -->
</testng-results>
