<?xml version="1.0" encoding="UTF-8"?>
<testng-results ignored="0" total="6" passed="6" failed="0" skipped="0">
  <reporter-output>
  </reporter-output>
  <suite started-at="2026-01-31T10:06:52Z" name="Default suite" finished-at="2026-01-31T10:11:11Z" duration-ms="259389">
    <groups>
      <group name="cucumber">
        <method signature="AbstractTestNGCucumberTests.runScenario(io.cucumber.testng.PickleWrapper, io.cucumber.testng.FeatureWrapper)[pri:0, instance:eComm.Runners.TestRunner@1a5b6f42]" name="runScenario" class="io.cucumber.testng.AbstractTestNGCucumberTests"/>
      </group> <!-- cucumber -->
    </groups>
    <test started-at="2026-01-31T10:06:52Z" name="Default test" finished-at="2026-01-31T10:11:11Z" duration-ms="259389">
      <class name="eComm.Runners.TestRunner">
        <test-method is-config="true" signature="setUpClass()[pri:0, instance:eComm.Runners.TestRunner@1a5b6f42]" started-at="2026-01-31T10:06:52Z" name="setUpClass" finished-at="2026-01-31T10:06:53Z" duration-ms="1090" status="PASS">
          <reporter-output>
          </reporter-output>
        </test-method> <!-- setUpClass -->
        <test-method signature="runScenario(io.cucumber.testng.PickleWrapper, io.cucumber.testng.FeatureWrapper)[pri:0, instance:eComm.Runners.TestRunner@1a5b6f42]" started-at="2026-01-31T10:06:53Z" name="runScenario" description="Runs Cucumber Scenarios" data-provider="scenarios" finished-at="2026-01-31T10:07:11Z" duration-ms="18051" status="PASS">
          <params>
            <param index="0">
              <value>
                <![CDATA["Validate Login page title"]]>
              </value>
            </param>
            <param index="1">
              <value>
                <![CDATA["Optional[Login page functionalities test]"]]>
              </value>
            </param>
          </params>
          <reporter-output>
          </reporter-output>
        </test-method> <!-- runScenario -->
        <test-method signature="runScenario(io.cucumber.testng.PickleWrapper, io.cucumber.testng.FeatureWrapper)[pri:0, instance:eComm.Runners.TestRunner@1a5b6f42]" started-at="2026-01-31T10:07:11Z" name="runScenario" description="Runs Cucumber Scenarios" data-provider="scenarios" finished-at="2026-01-31T10:07:37Z" duration-ms="25908" status="PASS">
          <params>
            <param index="0">
              <value>
                <![CDATA["Validate Login with valid credentials"]]>
              </value>
            </param>
            <param index="1">
              <value>
                <![CDATA["Optional[Login page functionalities test]"]]>
              </value>
            </param>
          </params>
          <reporter-output>
          </reporter-output>
        </test-method> <!-- runScenario -->
        <test-method signature="runScenario(io.cucumber.testng.PickleWrapper, io.cucumber.testng.FeatureWrapper)[pri:0, instance:eComm.Runners.TestRunner@1a5b6f42]" started-at="2026-01-31T10:07:37Z" name="runScenario" description="Runs Cucumber Scenarios" data-provider="scenarios" finished-at="2026-01-31T10:08:00Z" duration-ms="23089" status="PASS">
          <params>
            <param index="0">
              <value>
                <![CDATA["Validate Login with invalid credentials"]]>
              </value>
            </param>
            <param index="1">
              <value>
                <![CDATA["Optional[Login page functionalities test]"]]>
              </value>
            </param>
          </params>
          <reporter-output>
          </reporter-output>
        </test-method> <!-- runScenario -->
        <test-method signature="runScenario(io.cucumber.testng.PickleWrapper, io.cucumber.testng.FeatureWrapper)[pri:0, instance:eComm.Runners.TestRunner@1a5b6f42]" started-at="2026-01-31T10:08:00Z" name="runScenario" description="Runs Cucumber Scenarios" data-provider="scenarios" finished-at="2026-01-31T10:08:23Z" duration-ms="23207" status="PASS">
          <params>
            <param index="0">
              <value>
                <![CDATA["Validate logging into app by capturing username and password from loginpage"]]>
              </value>
            </param>
            <param index="1">
              <value>
                <![CDATA["Optional[Login page functionalities test]"]]>
              </value>
            </param>
          </params>
          <reporter-output>
          </reporter-output>
        </test-method> <!-- runScenario -->
        <test-method signature="runScenario(io.cucumber.testng.PickleWrapper, io.cucumber.testng.FeatureWrapper)[pri:0, instance:eComm.Runners.TestRunner@1a5b6f42]" started-at="2026-01-31T10:08:23Z" name="runScenario" description="Runs Cucumber Scenarios" data-provider="scenarios" finished-at="2026-01-31T10:09:41Z" duration-ms="77899" status="PASS">
          <params>
            <param index="0">
              <value>
                <![CDATA["Validate whether user able to add vacancies in recruitment module"]]>
              </value>
            </param>
            <param index="1">
              <value>
                <![CDATA["Optional[Validate new vacancies addition to recruitment]"]]>
              </value>
            </param>
          </params>
          <reporter-output>
          </reporter-output>
        </test-method> <!-- runScenario -->
        <test-method signature="runScenario(io.cucumber.testng.PickleWrapper, io.cucumber.testng.FeatureWrapper)[pri:0, instance:eComm.Runners.TestRunner@1a5b6f42]" started-at="2026-01-31T10:09:41Z" name="runScenario" description="Runs Cucumber Scenarios" data-provider="scenarios" finished-at="2026-01-31T10:10:50Z" duration-ms="69537" status="PASS">
          <params>
            <param index="0">
              <value>
                <![CDATA["Validate user able to submit the claim"]]>
              </value>
            </param>
            <param index="1">
              <value>
                <![CDATA["Optional[Submit new claim]"]]>
              </value>
            </param>
          </params>
          <reporter-output>
          </reporter-output>
        </test-method> <!-- runScenario -->
        <test-method is-config="true" signature="tearDownClass()[pri:0, instance:eComm.Runners.TestRunner@1a5b6f42]" started-at="2026-01-31T10:10:50Z" name="tearDownClass" finished-at="2026-01-31T10:11:11Z" duration-ms="20558" status="PASS">
          <reporter-output>
          </reporter-output>
        </test-method> <!-- tearDownClass -->
      </class> <!-- eComm.Runners.TestRunner -->
    </test> <!-- Default test -->
  </suite> <!-- Default suite -->
</testng-results>
