<?xml version="1.0" encoding="UTF-8"?>
<!-- Generated by org.testng.reporters.JUnitReportReporter -->
<testsuite hostname="Bharani" failures="0" tests="6" name="eComm.Runners.TestRunner" time="237.691" errors="0" timestamp="31 Jan 2026 10:11:11 GMT" skipped="0">
  <testcase classname="eComm.Runners.TestRunner" name="runScenario" time="25.908"/>
  <testcase classname="eComm.Runners.TestRunner" name="runScenario" time="69.537"/>
  <testcase classname="eComm.Runners.TestRunner" name="runScenario" time="77.899"/>
  <testcase classname="eComm.Runners.TestRunner" name="runScenario" time="18.051"/>
  <testcase classname="eComm.Runners.TestRunner" name="runScenario" time="23.207"/>
  <testcase classname="eComm.Runners.TestRunner" name="runScenario" time="23.089"/>
</testsuite> <!-- eComm.Runners.TestRunner -->
