<?xml version="1.0" encoding="UTF-8"?>
<!-- Generated by org.testng.reporters.JUnitReportReporter -->
<testsuite hostname="Bharani" failures="0" tests="6" name="eComm.Runners.TestRunner" time="299.937" errors="0" timestamp="14 Feb 2026 06:17:09 GMT" skipped="0">
  <testcase classname="eComm.Runners.TestRunner" name="runScenario" time="24.092"/>
  <testcase classname="eComm.Runners.TestRunner" name="runScenario" time="29.419"/>
  <testcase classname="eComm.Runners.TestRunner" name="runScenario" time="31.760"/>
  <testcase classname="eComm.Runners.TestRunner" name="runScenario" time="83.347"/>
  <testcase classname="eComm.Runners.TestRunner" name="runScenario" time="39.987"/>
  <testcase classname="eComm.Runners.TestRunner" name="runScenario" time="91.332"/>
</testsuite> <!-- eComm.Runners.TestRunner -->
